////////////////////////////////////////////////////// LEVEL 10 //////////////////////////////////////////////////////
Algorithm: BFS:
visited set length: 298
path length: 45
space: 9696  bytes

time:,1.6553795337677002 seconds
------------------------------------------------------------------------------------------------------------------------------------

Algorithm: Dfs:
visited set length: 232
path length: 59
space: 9168  bytes

time:,3.1454010009765625 seconds
------------------------------------------------------------------------------------------------------------------------------------

Algorithm: UCS:
visited set length: 297
path length: 45
space: 2640  bytes

time:,4.602586984634399 seconds
------------------------------------------------------------------------------------------------------------------------------------

Algorithm: DFS-Recursion:
DFS RECURSION:

path length: 115
space: 2520  bytes

time:,0.39991092681884766 seconds
------------------------------------------------------------------------------------------------------------------------------------

Algorithm: hill-climbing-simple:
No solution found for this level

Data storage usage: 272 bytes
------------------------------------------------------------------------------------------------------------------------------------

Algorithm: hill-climbing-steepest:
No solution found for this level

Data storage usage: 520 bytes
------------------------------------------------------------------------------------------------------------------------------------

Algorithm: A-Star:
visited set length: 297
path length: 45
space: 3024  bytes

time:,19.239643573760986 seconds
------------------------------------------------------------------------------------------------------------------------------------

Algorithm: A-Star-Advanced:
not done

------------------------------------------------------------------------------------------------------------------------------------

////////////////////////////////////////////////////// LEVEL 20 //////////////////////////////////////////////////////
Algorithm:
BFS:
visited set length: 3026
path length: 14
space: 142608  bytes

time:,6.9833409786224365 seconds
_________finished BFS_______
------------------------------------------------------------------------------------------------------------------------------------

Algorithm: Dfs:
visited set length: 29
path length: 25
space: 3024  bytes

time:,0.10907697677612305 seconds
------------------------------------------------------------------------------------------------------------------------------------

Algorithm UCS:
visited set length: 1015
path length: 14
space: 20144  bytes

time:,6.415557384490967 seconds
------------------------------------------------------------------------------------------------------------------------------------

Algorithm: DFS RECURSION:

path length: 99
space: 2872  bytes

time:,0.1268916130065918 seconds
------------------------------------------------------------------------------------------------------------------------------------

Algorithm: hill-climbing-simple:
No solution found for this level

Data storage usage: 0 bytes
------------------------------------------------------------------------------------------------------------------------------------

Algorithm: hill-climbing-steepest:
No solution found for this level

Data storage usage: 0 bytes
------------------------------------------------------------------------------------------------------------------------------------

Algorithm: A-Star:
Visited Set: 269
Path Length: 14
Directions: [LEFT, DOWN, LEFT, UP, RIGHT, UP, LEFT, LEFT, DOWN, LEFT, UP, RIGHT, DOWN, RIGHT]
Time: 0.354 second
Cost: 36
Data storage usage: 82.84 KB
------------------------------------------------------------------------------------------------------------------------------------

Algorithm: A-Star-Advanced:
visited set length: 2734
path length: 14
space: 46256  bytes

time:,33.540879011154175 seconds
Cost: 36
Data storage usage: 25.60 KB
------------------------------------------------------------------------------------------------------------------------------------

////////////////////////////////////////////////////// LEVEL 30 //////////////////////////////////////////////////////
all algorithm give errors in memory
